2026-04-27 14:42:51,307 - INFO - ==== INICIO INGESTA ====
2026-04-27 14:42:58,629 - INFO - Conexiůn a Oracle exitosa
2026-04-27 14:42:58,908 - INFO - Registros obtenidos: 0
2026-04-27 14:42:58,909 - INFO - Creando histůrico inicial
2026-04-27 14:42:58,911 - INFO - Total histůrico: 0
2026-04-27 14:42:58,911 - INFO - ==== FIN INGESTA ====
2026-04-27 14:42:58,911 - INFO - ==== INICIO LIMPIEZA ====
2026-04-27 14:52:18,175 - INFO - ==== INICIO INGESTA ====
2026-04-27 14:52:30,362 - INFO - ==== INICIO INGESTA ====
2026-04-27 14:52:44,961 - INFO - Conexiůn a Oracle exitosa
2026-04-27 14:52:45,214 - INFO - Registros obtenidos: 0
2026-04-27 14:55:01,997 - INFO - ==== INICIO INGESTA ====
2026-04-27 14:55:08,847 - INFO - Conexiůn a Oracle exitosa
2026-04-27 14:55:09,105 - INFO - Registros obtenidos: 0
2026-04-27 14:55:09,106 - INFO - Creando histůrico inicial
2026-04-27 14:55:09,108 - INFO - Total histůrico: 0
2026-04-27 14:55:09,108 - INFO - ==== FIN INGESTA ====
2026-04-27 14:55:09,108 - INFO - ==== INICIO LIMPIEZA ====
2026-04-27 14:55:09,112 - INFO - Registros limpios: 0
2026-04-27 14:55:09,112 - INFO - ==== FIN LIMPIEZA ====
2026-04-27 14:55:09,112 - INFO - ==== INICIO TRANSFORMACI”N ====
2026-04-27 14:55:09,114 - INFO - ==== FIN TRANSFORMACI”N ====
2026-04-27 15:04:52,902 - INFO - ==== INICIO INGESTA ====
2026-04-27 15:04:59,732 - INFO - Conexiůn a Oracle exitosa
2026-04-27 15:05:00,113 - INFO - Registros obtenidos: 0
2026-04-27 15:07:41,780 - INFO - ==== INICIO INGESTA ====
2026-04-27 15:07:48,848 - INFO - Conexiůn a Oracle exitosa
2026-04-27 15:07:49,116 - INFO - Registros obtenidos: 0
2026-04-27 15:07:49,116 - INFO - Creando histůrico inicial
2026-04-27 15:07:49,119 - INFO - Total histůrico: 0
2026-04-27 15:07:49,120 - INFO - ==== FIN INGESTA ====
2026-04-27 15:07:49,120 - INFO - ==== INICIO LIMPIEZA ====
2026-04-27 15:07:49,120 - INFO - Registros iniciales: 0
2026-04-27 15:07:49,122 - INFO - Despuťs de eliminar sin ID o nombre: 0
2026-04-27 15:07:49,125 - INFO - Despuťs de procesar fechas: 0
2026-04-27 15:07:49,126 - INFO - Despuťs de procesar ingresos: 0
2026-04-27 15:07:49,127 - INFO - Despuťs de eliminar duplicados: 0
2026-04-27 15:07:49,130 - INFO - Archivo clientes_limpios.csv generado
2026-04-27 15:07:49,131 - INFO - ==== FIN LIMPIEZA ====
2026-04-27 15:07:49,131 - INFO - ==== INICIO TRANSFORMACI”N ====
2026-04-27 15:07:49,133 - INFO - ==== FIN TRANSFORMACI”N ====
2026-05-04 13:34:50,473 - INFO - ==== INICIO INGESTA ====
2026-05-04 13:34:56,026 - INFO - ==== INICIO INGESTA ====
2026-05-04 13:35:02,789 - INFO - Conexiůn a Oracle exitosa
2026-05-04 13:35:02,834 - INFO - Registros obtenidos: 100
2026-05-04 13:41:02,951 - INFO - ==== INICIO INGESTA ====
2026-05-04 13:41:10,847 - INFO - Conexiůn a Oracle exitosa
2026-05-04 13:41:10,861 - INFO - Registros obtenidos: 100
2026-05-04 13:41:10,874 - INFO - Total histůrico: 100
2026-05-04 13:41:10,874 - INFO - ==== FIN INGESTA ====
2026-05-04 13:41:10,874 - INFO - ==== INICIO LIMPIEZA ====
2026-05-04 13:41:10,875 - INFO - Registros iniciales: 100
2026-05-04 13:41:10,875 - INFO - Despuťs de eliminar sin ID o nombre: 99
2026-05-04 13:41:10,883 - INFO - Despuťs de procesar fechas: 99
2026-05-04 13:41:10,884 - INFO - Despuťs de procesar ingresos: 99
2026-05-04 13:41:10,889 - INFO - Despuťs de eliminar duplicados: 99
2026-05-04 13:41:10,891 - INFO - Archivo clientes_limpios.csv generado
2026-05-04 13:41:10,892 - INFO - ==== FIN LIMPIEZA ====
2026-05-04 13:41:10,892 - INFO - ==== INICIO TRANSFORMACI”N ====
2026-05-04 13:41:10,900 - INFO - ==== FIN TRANSFORMACI”N ====
2026-05-04 13:56:27,811 - INFO - ==== INICIO INGESTA ====
2026-05-04 13:56:33,849 - INFO - Conexiůn a Oracle exitosa
2026-05-04 13:56:33,864 - INFO - Registros obtenidos: 100
2026-05-04 13:56:33,865 - INFO - Creando histůrico inicial
2026-05-04 13:56:33,868 - INFO - Total histůrico: 100
2026-05-04 13:56:33,868 - INFO - ==== FIN INGESTA ====
2026-05-04 13:56:33,868 - INFO - ==== INICIO LIMPIEZA ====
2026-05-04 13:56:33,868 - INFO - Registros iniciales: 100
2026-05-04 13:56:33,869 - INFO - Despuťs de eliminar sin ID o nombre: 99
2026-05-04 13:56:33,873 - INFO - Despuťs de procesar fechas: 90
2026-05-04 13:56:33,873 - INFO - Despuťs de procesar ingresos: 90
2026-05-04 13:56:33,877 - INFO - Despuťs de eliminar duplicados: 75
2026-05-04 13:56:33,879 - INFO - Archivo clientes_limpios.csv generado
2026-05-04 13:56:33,879 - INFO - ==== FIN LIMPIEZA ====
2026-05-04 13:56:33,879 - INFO - ==== INICIO TRANSFORMACI”N ====
2026-05-04 13:56:33,882 - INFO - ==== FIN TRANSFORMACI”N ====
